<?xml version="1.0" encoding="UTF-8"?>
<testsuite name="com.yy.tool.ExcelTest" tests="1" skipped="0" failures="0" errors="0" timestamp="2020-12-11T09:42:19" hostname="JTYSL-8340KG9" time="20.005">
  <properties/>
  <testcase name="testBaseEntity" classname="com.yy.tool.ExcelTest" time="20.005"/>
  <system-out><![CDATA[17:42:19.591 [Test worker] DEBUG com.yy.tool.excel.service.ExcelService - Excel export start ,class is class com.yy.tool.excel.Student
17:42:19.591 [Test worker] DEBUG com.yy.tool.excel.service.ExcelService - Excel version is 03
17:42:19.701 [Test worker] DEBUG com.yy.tool.excel.service.ExcelService - Excel create head start ,title is [ExcelEntity(index=1, isComplexHead=false, needMerge=true, groupName=null, list=null), ExcelEntity(index=2, isComplexHead=false, needMerge=false, groupName=null, list=null), ExcelEntity(index=3, isComplexHead=false, needMerge=false, groupName=null, list=null), ExcelEntity(index=4, isComplexHead=false, needMerge=false, groupName=null, list=[ExcelEntity(index=1, isComplexHead=false, needMerge=false, groupName=null, list=null), ExcelEntity(index=2, isComplexHead=false, needMerge=false, groupName=null, list=null)]), ExcelEntity(index=5, isComplexHead=false, needMerge=false, groupName=null, list=null)]
]]></system-out>
  <system-err><![CDATA[]]></system-err>
</testsuite>
